<?xml version="1.0" encoding="UTF-8"?>
<!-- Generated by org.testng.reporters.JUnitReportReporter -->
<testsuite hostname="DESKTOP-4F545DN" failures="0" tests="6" name="com.demoBlaze.TestCases.DemoBlazeTest" time="59.791" errors="0" timestamp="2023-05-10T15:49:21 IST" skipped="0">
  <testcase classname="com.demoBlaze.TestCases.DemoBlazeTest" name="elementClickable" time="27.040"/>
  <system-out/>
  <testcase classname="com.demoBlaze.TestCases.DemoBlazeTest" name="elementEnabled" time="1.415"/>
  <system-out/>
  <testcase classname="com.demoBlaze.TestCases.DemoBlazeTest" name="elementDisplayed" time="1.629"/>
  <system-out/>
  <testcase classname="com.demoBlaze.TestCases.DemoBlazeTest" name="elementDisplayed" time="1.822"/>
  <system-out/>
  <testcase classname="com.demoBlaze.TestCases.DemoBlazeTest" name="elementEnabled" time="0.764"/>
  <system-out/>
  <testcase classname="com.demoBlaze.TestCases.DemoBlazeTest" name="elementClickable" time="27.121"/>
  <system-out/>
</testsuite> <!-- com.demoBlaze.TestCases.DemoBlazeTest -->
