<?xml version="1.0" encoding="UTF-8"?>
<!-- Generated by org.testng.reporters.JUnitReportReporter -->
<testsuite hostname="ITA-004" failures="0" tests="1" name="com.sauceLabs.TestCases.SaucelabsTest" time="9.532" errors="0" timestamp="2023-08-18T10:48:13 IST" skipped="0">
  <testcase classname="com.sauceLabs.TestCases.SaucelabsTest" name="saucelabsHighestPriceProductBuy" time="9.532"/>
  <system-out/>
</testsuite> <!-- com.sauceLabs.TestCases.SaucelabsTest -->
